<?xml version="1.0" encoding="UTF-8"?>
<!-- Generated by org.testng.reporters.JUnitReportReporter -->
<testsuite hostname="DESKTOP-SIAJFIA" failures="0" tests="10" name="runners.TestRunner" time="100.318" errors="1" timestamp="2025-09-08T10:27:54 IST" skipped="0">
  <testcase classname="runners.TestRunner" name="runScenario" time="8.679"/>
  <testcase classname="runners.TestRunner" name="runScenario" time="9.639"/>
  <testcase classname="runners.TestRunner" name="runScenario" time="16.651"/>
  <testcase classname="runners.TestRunner" name="runScenario" time="10.885"/>
  <testcase classname="runners.TestRunner" name="runScenario" time="0.781"/>
  <testcase classname="runners.TestRunner" name="runScenario" time="6.373"/>
  <testcase classname="runners.TestRunner" name="runScenario" time="15.347"/>
  <testcase classname="runners.TestRunner" name="runScenario" time="1.296"/>
  <testcase classname="runners.TestRunner" name="runScenario" time="16.609">
    <error message="Expected condition failed: waiting for visibility of element located by By.xpath: //h6[text()=&#039;Dashboard&#039;] (tried for 10 second(s) with 500 milliseconds interval)
Build info: version: &#039;4.23.0&#039;, revision: &#039;4df0a231af&#039;
System info: os.name: &#039;Windows 10&#039;, os.arch: &#039;amd64&#039;, os.version: &#039;10.0&#039;, java.version: &#039;17.0.12&#039;
Driver info: org.openqa.selenium.chrome.ChromeDriver
Capabilities {acceptInsecureCerts: false, browserName: chrome, browserVersion: 139.0.7258.157, chrome: {chromedriverVersion: 139.0.7258.154 (9e0d6b2b47f..., userDataDir: C:\Users\LENOVO~1\AppData\L...}, fedcm:accounts: true, goog:chromeOptions: {debuggerAddress: localhost:54630}, networkConnectionEnabled: false, pageLoadStrategy: normal, platformName: windows, proxy: Proxy(), se:cdp: ws://localhost:54630/devtoo..., se:cdpVersion: 139.0.7258.157, setWindowRect: true, strictFileInteractability: false, timeouts: {implicit: 0, pageLoad: 300000, script: 30000}, unhandledPromptBehavior: dismiss and notify, webauthn:extension:credBlob: true, webauthn:extension:largeBlob: true, webauthn:extension:minPinLength: true, webauthn:extension:prf: true, webauthn:virtualAuthenticators: true}
Session ID: 3a0c736ec7a7bc1d6245c7046f3508ac" type="org.openqa.selenium.TimeoutException">
      <![CDATA[org.openqa.selenium.TimeoutException: Expected condition failed: waiting for visibility of element located by By.xpath: //h6[text()='Dashboard'] (tried for 10 second(s) with 500 milliseconds interval)
Build info: version: '4.23.0', revision: '4df0a231af'
System info: os.name: 'Windows 10', os.arch: 'amd64', os.version: '10.0', java.version: '17.0.12'
Driver info: org.openqa.selenium.chrome.ChromeDriver
Capabilities {acceptInsecureCerts: false, browserName: chrome, browserVersion: 139.0.7258.157, chrome: {chromedriverVersion: 139.0.7258.154 (9e0d6b2b47f..., userDataDir: C:\Users\LENOVO~1\AppData\L...}, fedcm:accounts: true, goog:chromeOptions: {debuggerAddress: localhost:54630}, networkConnectionEnabled: false, pageLoadStrategy: normal, platformName: windows, proxy: Proxy(), se:cdp: ws://localhost:54630/devtoo..., se:cdpVersion: 139.0.7258.157, setWindowRect: true, strictFileInteractability: false, timeouts: {implicit: 0, pageLoad: 300000, script: 30000}, unhandledPromptBehavior: dismiss and notify, webauthn:extension:credBlob: true, webauthn:extension:largeBlob: true, webauthn:extension:minPinLength: true, webauthn:extension:prf: true, webauthn:virtualAuthenticators: true}
Session ID: 3a0c736ec7a7bc1d6245c7046f3508ac
at org.openqa.selenium.support.ui.WebDriverWait.timeoutException(WebDriverWait.java:84)
at org.openqa.selenium.support.ui.FluentWait.until(FluentWait.java:228)
at utils.ElementUtils.getElement(ElementUtils.java:22)
at pages.LoginPage.getDashboardHeader(LoginPage.java:30)
at stepDefinitions.LoginSteps.i_should_be_redirected_to_the_dashboard(LoginSteps.java:71)
at âœ½.I should be redirected to the dashboard(file:///C:/Users/LENOVO%202/Capston%20Project%20Tejas/capstoneProject/src/test/resources/features/AddEmployeePage.feature:16)
]]>
    </error>
  </testcase> <!-- runScenario -->
  <testcase classname="runners.TestRunner" name="runScenario" time="14.058"/>
</testsuite> <!-- runners.TestRunner -->
